<?xml version="1.0" encoding="UTF-8"?>
<!-- Generated by org.testng.reporters.JUnitReportReporter -->
<testsuite hostname="LAPTOP-L5EQP6CH" failures="0" tests="1" name="testCasePackage.TC001_LocatorLearning" time="8.180" errors="0" timestamp="2022-03-03T21:07:47 BDT" skipped="0">
  <testcase classname="testCasePackage.TC001_LocatorLearning" name="locatorLearning" time="8.180"/>
  <system-out/>
</testsuite> <!-- testCasePackage.TC001_LocatorLearning -->
